<?xml version="1.0" encoding="UTF-8"?>
<!-- Generated by org.testng.reporters.JUnitReportReporter -->
<testsuite skipped="0" hostname="DESKTOP-KL9BASC" name="newtestNGpackage.SampleTestNGtest" tests="1" failures="0" timestamp="16 Jun 2019 04:45:01 GMT" time="0.015" errors="0">
  <testcase name="verifyHomepageTitle" time="0.015" classname="newtestNGpackage.SampleTestNGtest"/>
</testsuite> <!-- newtestNGpackage.SampleTestNGtest -->
