<?xml version="1.0" encoding="UTF-8"?>
<!-- Generated by org.testng.reporters.JUnitReportReporter -->
<testsuite skipped="0" hostname="DESKTOP-KL9BASC" name="newtestNGpackage.Firsttestngfile" tests="1" failures="0" timestamp="16 Jun 2019 04:35:51 GMT" time="5.508" errors="0">
  <testcase name="verifyHomepageTitle" time="5.508" classname="newtestNGpackage.Firsttestngfile"/>
</testsuite> <!-- newtestNGpackage.Firsttestngfile -->
